optional/blockcanary/blockcanary-sample/build/intermediates/manifest_merge_blame_file/debug/manifest-merger-blame-debug-report.txt
1<?xml version="1.0" encoding="utf-8"?>
2<manifest xmlns:android="http://schemas.android.com/apk/res/android"
3    package="com.example.blockcanary"
4    android:versionCode="1"
5    android:versionName="1.0" >
6
7    <uses-sdk
8        android:minSdkVersion="21"
8-->src\main\AndroidManifest.xml
9        android:targetSdkVersion="31" />
9-->src\main\AndroidManifest.xml
10
11    <uses-permission android:name="android.permission.READ_PHONE_STATE" />
11-->src\main\AndroidManifest.xml:5:5-74
11-->src\main\AndroidManifest.xml:5:22-72
12
13    <!-- To store the heap dumps and leak analysis results. -->
14    <uses-permission android:name="android.permission.WRITE_EXTERNAL_STORAGE" />
14-->[:optional:blockcanary:blockcanary-analyzer] AndroidManifest.xml:12:5-81
14-->[:optional:blockcanary:blockcanary-analyzer] AndroidManifest.xml:12:22-78
15
16    <application
16-->src\main\AndroidManifest.xml:6:5-25:19
17        android:name="com.example.blockcanary.DemoApplication"
17-->src\main\AndroidManifest.xml:7:9-40
18        android:allowBackup="true"
18-->src\main\AndroidManifest.xml:8:9-35
19        android:appComponentFactory="androidx.core.app.CoreComponentFactory"
19-->[androidx.core:core:1.5.0] AndroidManifest.xml:24:18-86
20        android:debuggable="true"
21        android:icon="@mipmap/ic_launcher"
21-->src\main\AndroidManifest.xml:9:9-43
22        android:label="@string/app_name"
22-->src\main\AndroidManifest.xml:10:9-41
23        android:testOnly="true"
24        android:theme="@style/ModuThreeHandsomeTheme" >
24-->src\main\AndroidManifest.xml:11:9-54
25        <activity
25-->src\main\AndroidManifest.xml:13:9-23:20
26            android:name="com.example.blockcanary.DemoActivity"
26-->src\main\AndroidManifest.xml:14:13-41
27            android:exported="true"
27-->src\main\AndroidManifest.xml:16:13-36
28            android:label="@string/app_name" >
28-->src\main\AndroidManifest.xml:15:13-45
29            <intent-filter>
29-->src\main\AndroidManifest.xml:17:13-22:29
30                <action android:name="android.intent.action.MAIN" />
30-->src\main\AndroidManifest.xml:18:17-68
30-->src\main\AndroidManifest.xml:18:25-66
31
32                <category android:name="android.intent.category.LAUNCHER" />
32-->src\main\AndroidManifest.xml:20:17-76
32-->src\main\AndroidManifest.xml:20:27-74
33                <category android:name="android.intent.category.DEFAULT" />
33-->src\main\AndroidManifest.xml:21:17-75
33-->src\main\AndroidManifest.xml:21:27-73
34            </intent-filter>
35        </activity>
36        <activity
36-->[:optional:blockcanary:blockcanary-android] AndroidManifest.xml:12:9-25:20
37            android:name="com.xxf.blockcanary.ui.DisplayActivity"
37-->[:optional:blockcanary:blockcanary-android] AndroidManifest.xml:13:13-66
38            android:enabled="false"
38-->[:optional:blockcanary:blockcanary-android] AndroidManifest.xml:14:13-36
39            android:exported="true"
39-->[:optional:blockcanary:blockcanary-android] AndroidManifest.xml:15:13-36
40            android:icon="@drawable/block_canary_icon"
40-->[:optional:blockcanary:blockcanary-android] AndroidManifest.xml:16:13-55
41            android:label="@string/block_canary_display_activity_label"
41-->[:optional:blockcanary:blockcanary-android] AndroidManifest.xml:17:13-72
42            android:taskAffinity="com.github.moduth.blockcanary"
42-->[:optional:blockcanary:blockcanary-android] AndroidManifest.xml:18:13-65
43            android:theme="@style/block_canary_BlockCanary.Base" >
43-->[:optional:blockcanary:blockcanary-android] AndroidManifest.xml:19:13-65
44            <intent-filter>
44-->[:optional:blockcanary:blockcanary-android] AndroidManifest.xml:20:13-24:29
45                <action android:name="android.intent.action.MAIN" />
45-->src\main\AndroidManifest.xml:18:17-68
45-->src\main\AndroidManifest.xml:18:25-66
46
47                <category android:name="android.intent.category.LAUNCHER" />
47-->src\main\AndroidManifest.xml:20:17-76
47-->src\main\AndroidManifest.xml:20:27-74
48            </intent-filter>
49        </activity>
50    </application>
51
52</manifest>